[2024-10-24 17:06:03.508]  INFO 6036--- [   File Watcher] rtingClassPathChangeChangedEventListener : Restarting due to 1 class path change (0 additions, 0 deletions, 1 modification)
[2024-10-24 17:06:03.516]  INFO 6036--- [      Thread-18] o.a.c.h.Http11NioProtocol                : Pausing ProtocolHandler ["http-nio-81"]
[2024-10-24 17:06:03.516]  INFO 6036--- [      Thread-18] o.a.c.c.StandardService                  : Stopping service [Tomcat]
[2024-10-24 17:06:03.518]  INFO 6036--- [      Thread-18] o.a.c.h.Http11NioProtocol                : Stopping ProtocolHandler ["http-nio-81"]
[2024-10-24 17:06:03.519]  INFO 6036--- [      Thread-18] o.a.c.h.Http11NioProtocol                : Destroying ProtocolHandler ["http-nio-81"]
[2024-10-24 17:06:03.604]  INFO 6036--- [  restartedMain] c.s.h.HermesplusApplication              : Starting HermesplusApplication using Java 17.0.11 on i7E-18 with PID 6036 (C:\Users\i7\git\hermesplus\bin\main started by i7 in C:\Users\i7\git\hermesplus)
[2024-10-24 17:06:03.604]  INFO 6036--- [  restartedMain] c.s.h.HermesplusApplication              : No active profile set, falling back to 1 default profile: "default"
[2024-10-24 17:06:03.797]  INFO 6036--- [  restartedMain] trationDelegate$BeanPostProcessorChecker : Bean 'org.springframework.ws.config.annotation.DelegatingWsConfiguration' of type [org.springframework.ws.config.annotation.DelegatingWsConfiguration$$EnhancerBySpringCGLIB$$acd00e88] is not eligible for getting processed by all BeanPostProcessors (for example: not eligible for auto-proxying)
[2024-10-24 17:06:03.797]  INFO 6036--- [  restartedMain] .w.s.a.s.AnnotationActionEndpointMapping : Supporting [WS-Addressing August 2004, WS-Addressing 1.0]
[2024-10-24 17:06:03.930]  INFO 6036--- [  restartedMain] o.s.b.w.e.t.TomcatWebServer              : Tomcat initialized with port(s): 81 (http)
[2024-10-24 17:06:03.931]  INFO 6036--- [  restartedMain] o.a.c.h.Http11NioProtocol                : Initializing ProtocolHandler ["http-nio-81"]
[2024-10-24 17:06:03.931]  INFO 6036--- [  restartedMain] o.a.c.c.StandardService                  : Starting service [Tomcat]
[2024-10-24 17:06:03.931]  INFO 6036--- [  restartedMain] o.a.c.c.StandardEngine                   : Starting Servlet engine: [Apache Tomcat/9.0.83]
[2024-10-24 17:06:04.059]  INFO 6036--- [  restartedMain] o.a.j.s.TldScanner                       : At least one JAR was scanned for TLDs yet contained no TLDs. Enable debug logging for this logger for a complete list of JARs that were scanned but no TLDs were found in them. Skipping unneeded JARs during scanning can improve startup time and JSP compilation time.
[2024-10-24 17:06:04.061]  INFO 6036--- [  restartedMain] o.a.c.c.C.[.[.[/]                        : Initializing Spring embedded WebApplicationContext
[2024-10-24 17:06:04.061]  INFO 6036--- [  restartedMain] w.s.c.ServletWebServerApplicationContext : Root WebApplicationContext: initialization completed in 454 ms
[2024-10-24 17:06:04.680]  INFO 6036--- [  restartedMain] o.s.b.d.a.OptionalLiveReloadServer       : LiveReload server is running on port 35729
[2024-10-24 17:06:04.701]  INFO 6036--- [  restartedMain] o.a.c.h.Http11NioProtocol                : Starting ProtocolHandler ["http-nio-81"]
[2024-10-24 17:06:04.705]  INFO 6036--- [  restartedMain] o.s.b.w.e.t.TomcatWebServer              : Tomcat started on port(s): 81 (http) with context path ''
[2024-10-24 17:06:04.711]  INFO 6036--- [  restartedMain] c.s.h.HermesplusApplication              : Started HermesplusApplication in 1.14 seconds (JVM running for 330.352)
[2024-10-24 17:06:04.712]  INFO 6036--- [  restartedMain] .ConditionEvaluationDeltaLoggingListener : Condition evaluation unchanged
[2024-10-24 17:06:06.225]  INFO 6036--- [n(16)-127.0.0.1] inMXBeanRegistrar$SpringApplicationAdmin : Application shutdown requested.
[2024-10-24 17:06:06.231]  INFO 6036--- [n(16)-127.0.0.1] o.a.c.h.Http11NioProtocol                : Pausing ProtocolHandler ["http-nio-81"]
[2024-10-24 17:06:06.231]  INFO 6036--- [n(16)-127.0.0.1] o.a.c.c.StandardService                  : Stopping service [Tomcat]
[2024-10-24 17:06:06.233]  INFO 6036--- [n(16)-127.0.0.1] o.a.c.h.Http11NioProtocol                : Stopping ProtocolHandler ["http-nio-81"]
[2024-10-24 17:06:06.234]  INFO 6036--- [n(16)-127.0.0.1] o.a.c.h.Http11NioProtocol                : Destroying ProtocolHandler ["http-nio-81"]
[2024-10-24 17:06:08.300]  INFO 7208--- [  restartedMain] c.s.h.HermesplusApplication              : Starting HermesplusApplication using Java 17.0.11 on i7E-18 with PID 7208 (C:\Users\i7\git\hermesplus\bin\main started by i7 in C:\Users\i7\git\hermesplus)
[2024-10-24 17:06:08.309]  INFO 7208--- [  restartedMain] c.s.h.HermesplusApplication              : No active profile set, falling back to 1 default profile: "default"
[2024-10-24 17:06:08.373]  INFO 7208--- [  restartedMain] .e.DevToolsPropertyDefaultsPostProcessor : Devtools property defaults active! Set 'spring.devtools.add-properties' to 'false' to disable
[2024-10-24 17:06:08.373]  INFO 7208--- [  restartedMain] .e.DevToolsPropertyDefaultsPostProcessor : For additional web related logging consider setting the 'logging.level.web' property to 'DEBUG'
[2024-10-24 17:06:09.170]  INFO 7208--- [  restartedMain] trationDelegate$BeanPostProcessorChecker : Bean 'org.springframework.ws.config.annotation.DelegatingWsConfiguration' of type [org.springframework.ws.config.annotation.DelegatingWsConfiguration$$EnhancerBySpringCGLIB$$3f932575] is not eligible for getting processed by all BeanPostProcessors (for example: not eligible for auto-proxying)
[2024-10-24 17:06:09.207]  INFO 7208--- [  restartedMain] .w.s.a.s.AnnotationActionEndpointMapping : Supporting [WS-Addressing August 2004, WS-Addressing 1.0]
[2024-10-24 17:06:09.814]  INFO 7208--- [  restartedMain] o.s.b.w.e.t.TomcatWebServer              : Tomcat initialized with port(s): 81 (http)
[2024-10-24 17:06:09.822]  INFO 7208--- [  restartedMain] o.a.c.h.Http11NioProtocol                : Initializing ProtocolHandler ["http-nio-81"]
[2024-10-24 17:06:09.824]  INFO 7208--- [  restartedMain] o.a.c.c.StandardService                  : Starting service [Tomcat]
[2024-10-24 17:06:09.824]  INFO 7208--- [  restartedMain] o.a.c.c.StandardEngine                   : Starting Servlet engine: [Apache Tomcat/9.0.83]
[2024-10-24 17:06:10.062]  INFO 7208--- [  restartedMain] o.a.j.s.TldScanner                       : At least one JAR was scanned for TLDs yet contained no TLDs. Enable debug logging for this logger for a complete list of JARs that were scanned but no TLDs were found in them. Skipping unneeded JARs during scanning can improve startup time and JSP compilation time.
[2024-10-24 17:06:10.073]  INFO 7208--- [  restartedMain] o.a.c.c.C.[.[.[/]                        : Initializing Spring embedded WebApplicationContext
[2024-10-24 17:06:10.073]  INFO 7208--- [  restartedMain] w.s.c.ServletWebServerApplicationContext : Root WebApplicationContext: initialization completed in 1699 ms
[2024-10-24 17:06:11.553]  INFO 7208--- [  restartedMain] o.s.b.d.a.OptionalLiveReloadServer       : LiveReload server is running on port 35729
[2024-10-24 17:06:11.590]  INFO 7208--- [  restartedMain] o.a.c.h.Http11NioProtocol                : Starting ProtocolHandler ["http-nio-81"]
[2024-10-24 17:06:11.615]  INFO 7208--- [  restartedMain] o.s.b.w.e.t.TomcatWebServer              : Tomcat started on port(s): 81 (http) with context path ''
[2024-10-24 17:06:11.625]  INFO 7208--- [  restartedMain] c.s.h.HermesplusApplication              : Started HermesplusApplication in 3.788 seconds (JVM running for 4.62)
[2024-10-24 17:06:11.929]  INFO 7208--- [p-nio-81-exec-1] o.a.c.c.C.[.[.[/]                        : Initializing Spring DispatcherServlet 'dispatcherServlet'
[2024-10-24 17:06:11.929]  INFO 7208--- [p-nio-81-exec-1] o.s.w.s.DispatcherServlet                : Initializing Servlet 'dispatcherServlet'
[2024-10-24 17:06:11.931]  INFO 7208--- [p-nio-81-exec-1] o.s.w.s.DispatcherServlet                : Completed initialization in 2 ms
[2024-10-24 17:06:11.956]  INFO 7208--- [p-nio-81-exec-1] c.s.h.c.a.LogAOP                         : home around before
[2024-10-24 17:06:11.956]  INFO 7208--- [p-nio-81-exec-1] c.s.h.c.a.LogAOP                         : home 실행 전!
[2024-10-24 17:06:11.961]  INFO 7208--- [p-nio-81-exec-1] c.s.h.c.a.LogAOP                         : home 실행 후!
[2024-10-24 17:06:11.962]  INFO 7208--- [p-nio-81-exec-1] c.s.h.c.a.LogAOP                         : home around after
